<?xml version="1.0" encoding="UTF-8"?>
<!-- Generated by org.testng.reporters.JUnitReportReporter -->
<testsuite skipped="0" hostname="LIN25000328" name="com.zestmoney.compare.ComparePriceTest" tests="3" failures="0" timestamp="07 Oct 2020 06:18:19 GMT" time="46.551" errors="0">
  <testcase name="getPriceAmazon" time="28.001" classname="com.zestmoney.compare.ComparePriceTest"/>
  <testcase name="getPriceFlipKart" time="18.547" classname="com.zestmoney.compare.ComparePriceTest"/>
  <testcase name="compare" time="0.003" classname="com.zestmoney.compare.ComparePriceTest"/>
</testsuite> <!-- com.zestmoney.compare.ComparePriceTest -->
