<?xml version="1.0" encoding="UTF-8"?>
<!-- Generated by org.testng.reporters.JUnitReportReporter -->
<testsuite skipped="0" hostname="LIN25000328" name="com.zestmoney.tripadvisor.TripAdvisorTest" tests="1" failures="0" timestamp="18 Oct 2020 10:00:36 GMT" time="32.433" errors="0">
  <testcase name="search" time="32.433" classname="com.zestmoney.tripadvisor.TripAdvisorTest"/>
</testsuite> <!-- com.zestmoney.tripadvisor.TripAdvisorTest -->
