<?xml version="1.0" encoding="UTF-8"?>
<!-- Generated by org.testng.reporters.JUnitReportReporter -->
<testsuite skipped="0" hostname="user-PC" name="com.zestmoney.compare.FlipkartPriceTest" tests="1" failures="0" timestamp="02 Oct 2020 16:37:34 GMT" time="16.971" errors="0">
  <testcase name="comparePrice" time="16.971" classname="com.zestmoney.compare.FlipkartPriceTest"/>
</testsuite> <!-- com.zestmoney.compare.FlipkartPriceTest -->
