<?xml version="1.0" encoding="UTF-8"?>
<!-- Generated by org.testng.reporters.JUnitReportReporter -->
<testsuite skipped="0" hostname="user-PC" name="com.zestmoney.compare.AmazonPriceTest" tests="3" failures="0" timestamp="03 Oct 2020 07:29:42 GMT" time="60.587" errors="0">
  <testcase name="getPriceAmazon" time="25.207" classname="com.zestmoney.compare.AmazonPriceTest"/>
  <testcase name="getPriceFlipKart" time="35.378" classname="com.zestmoney.compare.AmazonPriceTest"/>
  <testcase name="compare" time="0.002" classname="com.zestmoney.compare.AmazonPriceTest"/>
</testsuite> <!-- com.zestmoney.compare.AmazonPriceTest -->
